<?xml version="1.0" encoding="UTF-8"?>
<robot generator="Robot 6.0.2 (Python 3.9.13 on darwin)" generated="20230125 19:02:02.667" rpa="false" schemaversion="3">
<suite id="s1" name="Fb" source="/Users/tanakorn/Automation Testing/google/fb.robot">
<test id="s1-t1" name="Valid Case: Login to Facebook" line="30">
<kw name="Open Browser" library="SeleniumLibrary">
<arg>${URL}</arg>
<arg>chrome</arg>
<doc>Opens a new browser instance to the optional ``url``.</doc>
<msg timestamp="20230125 19:02:02.748" level="INFO">Opening browser 'chrome' to base url 'https://www.facebook.com/'.</msg>
<status status="PASS" starttime="20230125 19:02:02.748" endtime="20230125 19:02:11.541"/>
</kw>
<kw name="Input Text" library="SeleniumLibrary">
<arg>id=email</arg>
<arg>${T_USERNAME}</arg>
<doc>Types the given ``text`` into the text field identified by ``locator``.</doc>
<msg timestamp="20230125 19:02:11.543" level="INFO">Typing text 'my_username' into text field 'id=email'.</msg>
<status status="PASS" starttime="20230125 19:02:11.542" endtime="20230125 19:02:11.818"/>
</kw>
<kw name="Input Text" library="SeleniumLibrary">
<arg>id=pass</arg>
<arg>${T_PASSWORD}</arg>
<doc>Types the given ``text`` into the text field identified by ``locator``.</doc>
<msg timestamp="20230125 19:02:11.818" level="INFO">Typing text '!my_password' into text field 'id=pass'.</msg>
<status status="PASS" starttime="20230125 19:02:11.818" endtime="20230125 19:02:11.981"/>
</kw>
<kw name="Click Button" library="SeleniumLibrary">
<arg>name=login</arg>
<doc>Clicks the button identified by ``locator``.</doc>
<msg timestamp="20230125 19:02:11.981" level="INFO">Clicking button 'name=login'.</msg>
<status status="PASS" starttime="20230125 19:02:11.981" endtime="20230125 19:02:12.372"/>
</kw>
<kw name="Page Should Not Contain" library="SeleniumLibrary">
<arg>Facebook helps you connect and share with the people in your life.</arg>
<doc>Verifies the current page does not contain ``text``.</doc>
<msg timestamp="20230125 19:02:20.546" level="INFO" html="true">&lt;/td&gt;&lt;/tr&gt;&lt;tr&gt;&lt;td colspan="3"&gt;&lt;a href="selenium-screenshot-10.png"&gt;&lt;img src="selenium-screenshot-10.png" width="800px"&gt;&lt;/a&gt;</msg>
<msg timestamp="20230125 19:02:20.546" level="FAIL">Page should not have contained text 'Facebook helps you connect and share with the people in your life.'.</msg>
<status status="FAIL" starttime="20230125 19:02:12.372" endtime="20230125 19:02:20.547"/>
</kw>
<kw name="Close Browser" library="SeleniumLibrary">
<doc>Closes the current browser.</doc>
<status status="NOT RUN" starttime="20230125 19:02:20.547" endtime="20230125 19:02:20.547"/>
</kw>
<status status="FAIL" starttime="20230125 19:02:02.747" endtime="20230125 19:02:20.547">Page should not have contained text 'Facebook helps you connect and share with the people in your life.'.</status>
</test>
<status status="FAIL" starttime="20230125 19:02:02.668" endtime="20230125 19:02:20.548"/>
</suite>
<statistics>
<total>
<stat pass="0" fail="1" skip="0">All Tests</stat>
</total>
<tag>
</tag>
<suite>
<stat pass="0" fail="1" skip="0" id="s1" name="Fb">Fb</stat>
</suite>
</statistics>
<errors>
</errors>
</robot>
